[ERROR]	读取json记录	2021-04-24 20:48:06
[DATA]	{"p_now": 0, "now_time": [2020, 1, 1], "type_now": ""}	2021-04-24 20:48:06
[ERROR]	webdriver启动失败-错误信息：Message: timeout: Timed out receiving message from renderer: 15.000
  (Session info: chrome=89.0.4389.128)
-错误所在的行号：21	2021-04-24 20:48:27
[DATA]	{"p_now": 0, "now_time": [2020, 1, 1], "type_now": ""}	2021-04-24 20:48:27
[DATA]	{}
[ERROR]	强制退出	2021-04-24 20:48:30
[DATA]	{"p_now": 0, "now_time": [2020, 1, 1], "type_now": ""}	2021-04-24 20:48:30
[ERROR]	读取json记录	2021-04-24 20:48:41
[DATA]	{"p_now": 0, "now_time": [2020, 1, 1], "type_now": ""}	2021-04-24 20:48:41
[INFO]	登陆成功	当前时间：2021-04-24 20:49:00
[ERROR]	记录爬取种类	2021-04-24 20:49:00
[DATA]	{"p_now": 0, "now_time": [2020, 1, 1], "type_now": "\u65b0\u80fd\u6e90"}	2021-04-24 20:49:00
[ERROR]	记录爬取种类	2021-04-24 20:50:46
[DATA]	{"p_now": 1, "now_time": [2020, 2, 1], "type_now": "\u5236\u9020\u4e1a"}	2021-04-24 20:50:46
[DATA]	{}
[ERROR]	强制退出	2021-04-24 20:50:54
[DATA]	{"p_now": 1, "now_time": [2020, 1, 16], "type_now": "\u5236\u9020\u4e1a"}	2021-04-24 20:50:54
[ERROR]	读取json记录	2021-04-24 20:51:00
[DATA]	{"p_now": 0, "now_time": [2020, 1, 1], "type_now": ""}	2021-04-24 20:51:00
[INFO]	登陆成功	当前时间：2021-04-24 20:51:20
[ERROR]	记录爬取种类	2021-04-24 20:51:20
[DATA]	{"p_now": 0, "now_time": [2020, 1, 1], "type_now": "\u5236\u9020\u4e1a"}	2021-04-24 20:51:20
[DATA]	{}
[ERROR]	强制退出	2021-04-24 20:51:53
[DATA]	{"p_now": 1, "now_time": [2020, 2, 1], "type_now": "\u5236\u9020\u4e1a"}	2021-04-24 20:51:53
